<?xml version="1.0" ?>
<testsuites errors="0" failures="1" name="ABLUnit" tests="4"><testsuite name="C:\Users\niand\Progress\Developer Studio 4.3.1\workspace\prolint.net\Tests\LintTest.cls" tests="4" time=".546"><testcase name="testLoadProfiles" status="Success" time=".294"/><testcase name="testLint" status="Failure" time=".249"><failure message="Expected: LINT_OK but was: COMPILE_ERROR">Equals OpenEdge.Core.Assertion.AssertObject at line 37  (OpenEdge/Core/Assertion/AssertObject.r)
Equals OpenEdge.Core.Assert at line 28  (OpenEdge/Core/Assert.r)
testLint Tests.LintTest at line 92  (C:\Users\niand\Progress\Developer Studio 4.3.1\workspace\prolint.net\Tests\LintTest.r)
Invoke OpenEdge.ABLUnit.Reflection.ClassAnnotationInfo at line 176  (OpenEdge/ABLUnit/Reflection/ClassAnnotationInfo.r)
RunTestMethod OpenEdge.ABLUnit.Reflection.ClassAnnotationInfo at line 210  (OpenEdge/ABLUnit/Reflection/ClassAnnotationInfo.r)
RunSelectedTestMethod OpenEdge.ABLUnit.Reflection.ClassAnnotationInfo at line 138  (OpenEdge/ABLUnit/Reflection/ClassAnnotationInfo.r)
runTestClassMethod OpenEdge.ABLUnit.Runner.ABLRunner at line 1293  (OpenEdge/ABLUnit/Runner/ABLRunner.r)
runtests OpenEdge.ABLUnit.Runner.ABLRunner at line 1180  (OpenEdge/ABLUnit/Runner/ABLRunner.r)
runtests OpenEdge.ABLUnit.Runner.ABLRunner at line 1105  (OpenEdge/ABLUnit/Runner/ABLRunner.r)
runtests OpenEdge.ABLUnit.Runner.ABLRunner at line 1212  (OpenEdge/ABLUnit/Runner/ABLRunner.r)
runtests OpenEdge.ABLUnit.Runner.ABLRunner at line 1105  (OpenEdge/ABLUnit/Runner/ABLRunner.r)
RunTests OpenEdge.ABLUnit.Runner.ABLRunner at line 152  (OpenEdge/ABLUnit/Runner/ABLRunner.r)
ABLUnitCore.r at line 75  (ABLUnitCore.r)</failure></testcase><testcase name="testGetErrors" status="Success" time="0"/><testcase name="testLintCollection" status="Success" time=".001"/></testsuite></testsuites>